<?xml version="1.0" encoding="UTF-8"?>
<!-- Generated by org.testng.reporters.JUnitReportReporter -->
<testsuite hostname="LAPTOP-BQK2FOOD" failures="0" tests="2" name="Academy.HomePage" time="82.051" errors="0" timestamp="2020-06-06T01:26:12 EDT" skipped="0">
  <testcase classname="Academy.HomePage" name="validateLogin" time="38.193"/>
  <system-out/>
  <testcase classname="Academy.HomePage" name="validateLogin" time="43.858"/>
  <system-out/>
</testsuite> <!-- Academy.HomePage -->
