<?xml version="1.0" encoding="UTF-8"?>
<!-- Generated by org.testng.reporters.JUnitReportReporter -->
<testsuite hostname="LAPTOP-BQK2FOOD" failures="0" tests="1" name="Academy.ValidateNavigationBar" time="0.139" errors="0" timestamp="2020-06-04T02:53:21 EDT" skipped="0">
  <testcase classname="Academy.ValidateNavigationBar" name="basePageNavigation" time="0.139"/>
  <system-out/>
</testsuite> <!-- Academy.ValidateNavigationBar -->
