<?xml version="1.0" encoding="UTF-8"?>
<!-- Generated by org.testng.reporters.JUnitReportReporter -->
<testsuite hostname="LAPTOP-BQK2FOOD" failures="0" tests="1" name="Academy.ValidateTitle" time="4.301" errors="0" timestamp="2020-06-04T02:59:28 EDT" skipped="0">
  <testcase classname="Academy.ValidateTitle" name="basePageNavigation" time="4.301"/>
  <system-out/>
</testsuite> <!-- Academy.ValidateTitle -->
