<?xml version="1.0" encoding="UTF-8"?>
<!-- Generated by org.testng.reporters.JUnitReportReporter -->
<testsuite hostname="LAPTOP-BQK2FOOD" failures="0" tests="1" name="CucumberOptions.TestRunner" time="42.516" errors="0" timestamp="2020-06-23T00:58:48 EDT" skipped="0">
  <testcase classname="CucumberOptions.TestRunner" name="feature" time="42.516"/>
  <system-out/>
</testsuite> <!-- CucumberOptions.TestRunner -->
