<?xml version="1.0" encoding="UTF-8"?>
<!-- Generated by org.testng.reporters.JUnitReportReporter -->
<testsuite hostname="LAPTOP-BQK2FOOD" failures="0" tests="2" name="Academy.HomePage" time="68.247" errors="0" timestamp="2020-06-06T00:54:59 EDT" skipped="0">
  <testcase classname="Academy.HomePage" name="validateLogin" time="33.550"/>
  <system-out/>
  <testcase classname="Academy.HomePage" name="validateLogin" time="34.697"/>
  <system-out/>
</testsuite> <!-- Academy.HomePage -->
