<?xml version="1.0" encoding="UTF-8"?>
<!-- Generated by org.testng.reporters.JUnitReportReporter -->
<testsuite hostname="LAPTOP-BQK2FOOD" failures="0" tests="1" name="Academy.ValidateNavigationBar" time="7.642" errors="0" timestamp="2020-06-06T00:19:37 EDT" skipped="0">
  <testcase classname="Academy.ValidateNavigationBar" name="basePageNavigation" time="7.642"/>
  <system-out/>
</testsuite> <!-- Academy.ValidateNavigationBar -->
